start-------------------------------------------------------------------------------------------------------------------------------------
albany S11LBP3-smoothed.txt
annapolis S11LBP4-smoothed.txt
atlanta S11LDP3-smoothed.txt
augusta S11LDP4-smoothed.txt
austin S11LPP3-smoothed.txt
baton-rouge S11LPP4-smoothed.txt
bismarck S15LBP3-smoothed.txt
boise S15LBP4-smoothed.txt
boston S15LDP3-smoothed.txt
carson-city S15LDP4-smoothed.txt
charleston S15LPP3-smoothed.txt
cheyenne S15LPP4-smoothed.txt
columbia S16LBP3-smoothed.txt
columbus S16LBP4-smoothed.txt
concord S16LDP3-smoothed.txt
denver S16LDP4-smoothed.txt
des-moines S16LPP3-smoothed.txt
dover S16LPP4-smoothed.txt
frankfort S20LBP3-smoothed.txt
harrisburg S20LBP4-smoothed.txt
hartford S20LDP3-smoothed.txt
helena S20LDP4-smoothed.txt
honolulu S20LPP3-smoothed.txt
indianapolis S20LPP4-smoothed.txt
jackson S21LBP3-smoothed.txt
jefferson-city S21LBP4-smoothed.txt
juneau S21LDP3-smoothed.txt
lansing S21LDP4-smoothed.txt
lincoln S21LPP3-smoothed.txt
little-rock S21LPP4-smoothed.txt
madison S23LBP3-smoothed.txt
montgomery S23LBP4-smoothed.txt
montpelier S23LDP3-smoothed.txt
nashville S23LDP4-smoothed.txt
oklahoma-city S23LPP3-smoothed.txt
olympia S23LPP4-smoothed.txt
phoenix S24LBP3-smoothed.txt
pierre S24LBP4-smoothed.txt
providence S24LDP3-smoothed.txt
raleigh S24LDP4-smoothed.txt
richmond S24LPP3-smoothed.txt
sacramento S24LPP4-smoothed.txt
stop-------------------------------------------------------------------------------------------------------------------------------------
